0 info it worked if it ends with ok
1 verbose cli [ 'c:\\Program Files\\nodejs\\node.exe',
1 verbose cli   'c:\\Program Files\\nodejs\\node_modules\\npm\\bin\\npm-cli.js',
1 verbose cli   'install',
1 verbose cli   'ui.utils' ]
2 info using npm@1.4.23
3 info using node@v0.10.31
4 warn package.json mean-demo@0.0.1 No repository field.
5 verbose readDependencies using package.json deps
6 verbose cache add [ 'ui.utils', null ]
7 verbose cache add name=undefined spec="ui.utils" args=["ui.utils",null]
8 verbose parsed url { protocol: null,
8 verbose parsed url   slashes: null,
8 verbose parsed url   auth: null,
8 verbose parsed url   host: null,
8 verbose parsed url   port: null,
8 verbose parsed url   hostname: null,
8 verbose parsed url   hash: null,
8 verbose parsed url   search: null,
8 verbose parsed url   query: null,
8 verbose parsed url   pathname: 'ui.utils',
8 verbose parsed url   path: 'ui.utils',
8 verbose parsed url   href: 'ui.utils' }
9 silly lockFile f871d952-ui-utils ui.utils
10 verbose lock ui.utils C:\Users\Vinay\AppData\Roaming\npm-cache\f871d952-ui-utils.lock
11 silly lockFile f871d952-ui-utils ui.utils
12 silly lockFile f871d952-ui-utils ui.utils
13 verbose addNamed [ 'ui.utils', '' ]
14 verbose addNamed [ null, '*' ]
15 silly lockFile 821ee1d5-ui-utils ui.utils@
16 verbose lock ui.utils@ C:\Users\Vinay\AppData\Roaming\npm-cache\821ee1d5-ui-utils.lock
17 silly addNameRange { name: 'ui.utils', range: '*', hasData: false }
18 verbose request where is /ui.utils
19 verbose request registry https://registry.npmjs.org/
20 verbose request id 689c5f08f1852cba
21 verbose url raw /ui.utils
22 verbose url resolving [ 'https://registry.npmjs.org/', './ui.utils' ]
23 verbose url resolved https://registry.npmjs.org/ui.utils
24 verbose request where is https://registry.npmjs.org/ui.utils
25 info trying registry request attempt 1 at 20:06:38
26 http GET https://registry.npmjs.org/ui.utils
27 http 404 https://registry.npmjs.org/ui.utils
28 verbose headers { date: 'Sun, 05 Oct 2014 03:06:38 GMT',
28 verbose headers   server: 'CouchDB/1.5.0 (Erlang OTP/R16B03)',
28 verbose headers   'content-type': 'application/json',
28 verbose headers   'cache-control': 'max-age=0',
28 verbose headers   'content-length': '52',
28 verbose headers   'accept-ranges': 'bytes',
28 verbose headers   via: '1.1 varnish',
28 verbose headers   age: '0',
28 verbose headers   'x-served-by': 'cache-sjc3123-SJC',
28 verbose headers   'x-cache': 'MISS',
28 verbose headers   'x-cache-hits': '0',
28 verbose headers   'x-timer': 'S1412478398.676967,VS0,VE85',
28 verbose headers   'keep-alive': 'timeout=10, max=50',
28 verbose headers   connection: 'Keep-Alive' }
29 silly registry.get cb [ 404,
29 silly registry.get   { date: 'Sun, 05 Oct 2014 03:06:38 GMT',
29 silly registry.get     server: 'CouchDB/1.5.0 (Erlang OTP/R16B03)',
29 silly registry.get     'content-type': 'application/json',
29 silly registry.get     'cache-control': 'max-age=0',
29 silly registry.get     'content-length': '52',
29 silly registry.get     'accept-ranges': 'bytes',
29 silly registry.get     via: '1.1 varnish',
29 silly registry.get     age: '0',
29 silly registry.get     'x-served-by': 'cache-sjc3123-SJC',
29 silly registry.get     'x-cache': 'MISS',
29 silly registry.get     'x-cache-hits': '0',
29 silly registry.get     'x-timer': 'S1412478398.676967,VS0,VE85',
29 silly registry.get     'keep-alive': 'timeout=10, max=50',
29 silly registry.get     connection: 'Keep-Alive' } ]
30 silly lockFile 821ee1d5-ui-utils ui.utils@
31 silly lockFile 821ee1d5-ui-utils ui.utils@
32 error 404 404 Not Found: ui.utils
32 error 404
32 error 404 'ui.utils' is not in the npm registry.
32 error 404 You should bug the author to publish it
32 error 404 It was specified as a dependency of 'mean-demo'
32 error 404
32 error 404 Note that you can also install from a
32 error 404 tarball, folder, or http url, or git url.
33 error System Windows_NT 6.2.9200
34 error command "c:\\Program Files\\nodejs\\node.exe" "c:\\Program Files\\nodejs\\node_modules\\npm\\bin\\npm-cli.js" "install" "ui.utils"
35 error cwd c:\Users\Vinay\Desktop\mean-demo-master
36 error node -v v0.10.31
37 error npm -v 1.4.23
38 error code E404
39 verbose exit [ 1, true ]
